<?xml version="1.0" encoding="UTF-8"?>
<!-- Generated by org.testng.reporters.JUnitXMLReporter -->
<testsuite ignored="0" hostname="DESKTOP-2HJ2AOH" failures="0" tests="4" name="Surefire test" time="0.08" errors="0" timestamp="2024-11-19T23:06:43 MSK">
  <testcase classname="ru.mai.lessons.rpks.impl.DirectorySizeCheckerTest" name="testNegativeCheckUnknownDirectory" time="0.004"/>
  <testcase classname="ru.mai.lessons.rpks.impl.DirectorySizeCheckerTest" name="testPositiveCheckEmptyDirectory" time="0.003"/>
  <testcase classname="ru.mai.lessons.rpks.impl.DirectorySizeCheckerTest" name="testPositiveCheckSize" time="0.002"/>
  <testcase classname="ru.mai.lessons.rpks.impl.DirectorySizeCheckerTest" name="testPositiveCheckSize" time="0.002"/>
</testsuite> <!-- Surefire test -->
