<?xml version="1.0" encoding="UTF-8"?>
<!-- Generated by org.testng.reporters.JUnitXMLReporter -->
<testsuite ignored="0" hostname="DESKTOP-2HJ2AOH" failures="0" tests="25" name="Surefire test" time="0.17" errors="0" timestamp="2024-11-27T23:56:11 MSK">
  <testcase classname="ru.mai.lessons.rpks.impl.DatabaseDriverTest" name="testNegativeTryFindUnknownFieldInTable" time="0.011"/>
  <testcase classname="ru.mai.lessons.rpks.impl.DatabaseDriverTest" name="testNegativeTryFindUnknownFieldInTable" time="0.002"/>
  <testcase classname="ru.mai.lessons.rpks.impl.DatabaseDriverTest" name="testNegativeTryFindUnknownFieldInTable" time="0.001"/>
  <testcase classname="ru.mai.lessons.rpks.impl.DatabaseDriverTest" name="testNegativeTryFindUnknownFieldInTable" time="0.002"/>
  <testcase classname="ru.mai.lessons.rpks.impl.DatabaseDriverTest" name="testNegativeTryFindUnknownFieldInTable" time="0.002"/>
  <testcase classname="ru.mai.lessons.rpks.impl.DatabaseDriverTest" name="testNegativeTryFindUnknownFieldInTable" time="0.001"/>
  <testcase classname="ru.mai.lessons.rpks.impl.DatabaseDriverTest" name="testNegativeTryFindUnknownFieldInTable" time="0.0"/>
  <testcase classname="ru.mai.lessons.rpks.impl.DatabaseDriverTest" name="testNegativeTryFindUnknownFieldInTable" time="0.001"/>
  <testcase classname="ru.mai.lessons.rpks.impl.DatabaseDriverTest" name="testNegativeTryFindUnknownFieldInTable" time="0.001"/>
  <testcase classname="ru.mai.lessons.rpks.impl.DatabaseDriverTest" name="testNegativeTryFindUnknownFieldInTable" time="0.003"/>
  <testcase classname="ru.mai.lessons.rpks.impl.DatabaseDriverTest" name="testNegativeTryFindUnknownFieldInTable" time="0.002"/>
  <testcase classname="ru.mai.lessons.rpks.impl.DatabaseDriverTest" name="testNegativeTryFindUnknownFieldInTable" time="0.002"/>
  <testcase classname="ru.mai.lessons.rpks.impl.DatabaseDriverTest" name="testNegativeTryFindUnknownFieldInTable" time="0.001"/>
  <testcase classname="ru.mai.lessons.rpks.impl.DatabaseDriverTest" name="testPositiveFindDataBySelectFromWhere" time="0.014"/>
  <testcase classname="ru.mai.lessons.rpks.impl.DatabaseDriverTest" name="testPositiveFindDataBySelectFromWhere" time="0.006"/>
  <testcase classname="ru.mai.lessons.rpks.impl.DatabaseDriverTest" name="testPositiveFindDataBySelectFromWhere" time="0.004"/>
  <testcase classname="ru.mai.lessons.rpks.impl.DatabaseDriverTest" name="testPositiveFindDataBySelectFromWhere" time="0.003"/>
  <testcase classname="ru.mai.lessons.rpks.impl.DatabaseDriverTest" name="testPositiveFindDataBySelectFromWhere" time="0.005"/>
  <testcase classname="ru.mai.lessons.rpks.impl.DatabaseDriverTest" name="testPositiveFindDataBySelectFromWhereGroupBy" time="0.003"/>
  <testcase classname="ru.mai.lessons.rpks.impl.DatabaseDriverTest" name="testPositiveFindDataBySelectFromWhereGroupBy" time="0.002"/>
  <testcase classname="ru.mai.lessons.rpks.impl.DatabaseDriverTest" name="testPositiveFindDataBySimpleSelectFrom" time="0.003"/>
  <testcase classname="ru.mai.lessons.rpks.impl.DatabaseDriverTest" name="testPositiveFindDataBySimpleSelectFrom" time="0.002"/>
  <testcase classname="ru.mai.lessons.rpks.impl.DatabaseDriverTest" name="testPositiveFindDataBySimpleSelectFrom" time="0.001"/>
  <testcase classname="ru.mai.lessons.rpks.impl.DatabaseDriverTest" name="testPositiveFindDataBySimpleSelectFrom" time="0.002"/>
  <testcase classname="ru.mai.lessons.rpks.impl.DatabaseDriverTest" name="testPositiveFindDataBySimpleSelectFrom" time="0.001"/>
</testsuite> <!-- Surefire test -->
