<?xml version="1.0" encoding="UTF-8"?>
<testsuite xmlns:xsi="http://www.w3.org/2001/XMLSchema-instance" xsi:noNamespaceSchemaLocation="https://maven.apache.org/surefire/maven-surefire-plugin/xsd/surefire-test-report-3.0.xsd" version="3.0" name="ru.mai.lessons.rpks.impl.LogAnalyzerTest" time="0.65" tests="5" errors="0" skipped="0" failures="0">
  <properties>
[...]
</properties>
  <testcase name="testNegativeWrongFilename[](1)" classname="ru.mai.lessons.rpks.impl.LogAnalyzerTest" time="0.004"/>
  <testcase name="testNegativeWrongFilename[unknown_file.txt](2)" classname="ru.mai.lessons.rpks.impl.LogAnalyzerTest" time="0.001"/>
  <testcase name="testPositiveAnalyze[3 sec, [2, 6, 8, 11, 14]](1)" classname="ru.mai.lessons.rpks.impl.LogAnalyzerTest" time="0.023"/>
  <testcase name="testPositiveAnalyze[1 min, [14]](2)" classname="ru.mai.lessons.rpks.impl.LogAnalyzerTest" time="0.008"/>
  <testcase name="testPositiveAnalyzeAnomalyForAbsentDeviationParameter" classname="ru.mai.lessons.rpks.impl.LogAnalyzerTest" time="0.009"/>
</testsuite>