<?xml version="1.0" encoding="UTF-8"?>
<!-- Generated by org.testng.reporters.JUnitXMLReporter -->
<testsuite ignored="0" hostname="DESKTOP-2HJ2AOH" failures="0" tests="13" name="Surefire test" time="0.185" errors="0" timestamp="2024-11-24T17:17:45 MSK">
  <testcase classname="ru.mai.lessons.rpks.impl.MoneyExchangeTest" name="testNegativeExchange" time="0.012"/>
  <testcase classname="ru.mai.lessons.rpks.impl.MoneyExchangeTest" name="testNegativeExchange" time="0.012"/>
  <testcase classname="ru.mai.lessons.rpks.impl.MoneyExchangeTest" name="testNegativeExchange" time="0.012"/>
  <testcase classname="ru.mai.lessons.rpks.impl.MoneyExchangeTest" name="testNegativeExchange" time="0.012"/>
  <testcase classname="ru.mai.lessons.rpks.impl.MoneyExchangeTest" name="testPositiveExchange" time="0.001"/>
  <testcase classname="ru.mai.lessons.rpks.impl.MoneyExchangeTest" name="testPositiveExchange" time="0.023"/>
  <testcase classname="ru.mai.lessons.rpks.impl.MoneyExchangeTest" name="testPositiveExchange" time="0.01"/>
  <testcase classname="ru.mai.lessons.rpks.impl.MoneyExchangeTest" name="testPositiveExchange" time="0.008"/>
  <testcase classname="ru.mai.lessons.rpks.impl.MoneyExchangeTest" name="testPositiveExchange" time="0.018"/>
  <testcase classname="ru.mai.lessons.rpks.impl.MoneyExchangeTest" name="testPositiveExchange" time="0.018"/>
  <testcase classname="ru.mai.lessons.rpks.impl.MoneyExchangeTest" name="testPositiveExchange" time="0.02"/>
  <testcase classname="ru.mai.lessons.rpks.impl.MoneyExchangeTest" name="testPositiveExchange" time="0.002"/>
  <testcase classname="ru.mai.lessons.rpks.impl.MoneyExchangeTest" name="testPositiveExchange" time="0.003"/>
</testsuite> <!-- Surefire test -->
