<?xml version="1.0" encoding="UTF-8"?>
<!-- Generated by org.testng.reporters.JUnitXMLReporter -->
<testsuite ignored="0" hostname="DESKTOP-2HJ2AOH" failures="0" tests="5" name="Surefire test" time="0.117" errors="0" timestamp="2024-11-21T20:59:32 MSK">
  <testcase classname="ru.mai.lessons.rpks.impl.LogAnalyzerTest" name="testNegativeWrongFilename" time="0.003"/>
  <testcase classname="ru.mai.lessons.rpks.impl.LogAnalyzerTest" name="testNegativeWrongFilename" time="0.002"/>
  <testcase classname="ru.mai.lessons.rpks.impl.LogAnalyzerTest" name="testPositiveAnalyze" time="0.022"/>
  <testcase classname="ru.mai.lessons.rpks.impl.LogAnalyzerTest" name="testPositiveAnalyze" time="0.008"/>
  <testcase classname="ru.mai.lessons.rpks.impl.LogAnalyzerTest" name="testPositiveAnalyzeAnomalyForAbsentDeviationParameter" time="0.008"/>
</testsuite> <!-- Surefire test -->
