<?xml version="1.0" encoding="UTF-8"?>
<testsuite xmlns:xsi="http://www.w3.org/2001/XMLSchema-instance" xsi:noNamespaceSchemaLocation="https://maven.apache.org/surefire/maven-surefire-plugin/xsd/surefire-test-report-3.0.xsd" version="3.0" name="ru.mai.lessons.rpks.impl.LineFinderTest" time="0.747" tests="9" errors="0" skipped="0" failures="0">
  <properties>
[...]
</properties>
  <testcase name="testNegativeLineCountValue" classname="ru.mai.lessons.rpks.impl.LineFinderTest" time="0.004"/>
  <testcase name="testPositiveFind" classname="ru.mai.lessons.rpks.impl.LineFinderTest" time="0.032">
    <system-out><![CDATA[Elapsed time: 5ms, progress: 9,7%
Elapsed time: 5ms, progress: 18,7%
Elapsed time: 7ms, progress: 100,0%
Elapsed time: 6ms, progress: 92,9%
Elapsed time: 6ms, progress: 83,8%
Elapsed time: 6ms, progress: 74,6%
Elapsed time: 6ms, progress: 65,6%
Elapsed time: 6ms, progress: 56,0%
Elapsed time: 6ms, progress: 47,0%
Elapsed time: 6ms, progress: 37,7%
Elapsed time: 6ms, progress: 28,4%
02:35:18.585 [main] INFO ru.mai.lessons.rpks.impl.LineFinderTest -- Поиск отработал за 13 ms.
]]></system-out>
  </testcase>
  <testcase name="testPositiveFindMiddleMultipleLines" classname="ru.mai.lessons.rpks.impl.LineFinderTest" time="0.026">
    <system-out><![CDATA[Elapsed time: 4ms, progress: 9,0%
Elapsed time: 4ms, progress: 18,7%
Elapsed time: 6ms, progress: 27,8%
Elapsed time: 7ms, progress: 37,1%
Elapsed time: 8ms, progress: 55,8%
Elapsed time: 8ms, progress: 64,9%
Elapsed time: 8ms, progress: 83,2%
Elapsed time: 8ms, progress: 74,2%
Elapsed time: 7ms, progress: 46,2%
Elapsed time: 9ms, progress: 100,0%
Elapsed time: 8ms, progress: 90,3%
02:35:18.617 [main] INFO ru.mai.lessons.rpks.impl.LineFinderTest -- Поиск отработал за 11 ms.
]]></system-out>
  </testcase>
  <testcase name="testPositiveFindMultipleLinesAtTheEnd" classname="ru.mai.lessons.rpks.impl.LineFinderTest" time="0.016">
    <system-out><![CDATA[Elapsed time: 2ms, progress: 9,7%
Elapsed time: 3ms, progress: 18,7%
Elapsed time: 3ms, progress: 28,3%
Elapsed time: 4ms, progress: 35,4%
Elapsed time: 4ms, progress: 44,7%
Elapsed time: 5ms, progress: 54,4%
Elapsed time: 5ms, progress: 63,4%
Elapsed time: 6ms, progress: 72,7%
Elapsed time: 7ms, progress: 81,8%
Elapsed time: 7ms, progress: 100,0%
Elapsed time: 7ms, progress: 90,8%
02:35:18.633 [main] INFO ru.mai.lessons.rpks.impl.LineFinderTest -- Поиск отработал за 9 ms.
]]></system-out>
  </testcase>
  <testcase name="testPositiveFindStartMultipleLines[1, expectedBoastOutputFile1.txt](1)" classname="ru.mai.lessons.rpks.impl.LineFinderTest" time="0.02">
    <system-out><![CDATA[Elapsed time: 1ms, progress: 9,7%
Elapsed time: 3ms, progress: 18,7%
Elapsed time: 3ms, progress: 27,7%
Elapsed time: 3ms, progress: 36,8%
Elapsed time: 4ms, progress: 45,9%
Elapsed time: 4ms, progress: 55,3%
Elapsed time: 4ms, progress: 64,6%
Elapsed time: 4ms, progress: 74,1%
Elapsed time: 5ms, progress: 90,3%
Elapsed time: 4ms, progress: 83,2%
Elapsed time: 5ms, progress: 100,0%
02:35:18.655 [main] INFO ru.mai.lessons.rpks.impl.LineFinderTest -- Поиск отработал за 6 ms.
]]></system-out>
  </testcase>
  <testcase name="testPositiveFindStartMultipleLines[2, expectedBoastOutputFile2.txt](2)" classname="ru.mai.lessons.rpks.impl.LineFinderTest" time="0.018">
    <system-out><![CDATA[Elapsed time: 1ms, progress: 9,7%
Elapsed time: 2ms, progress: 18,7%
Elapsed time: 3ms, progress: 36,9%
Elapsed time: 2ms, progress: 27,8%
Elapsed time: 3ms, progress: 46,2%
Elapsed time: 4ms, progress: 55,8%
Elapsed time: 4ms, progress: 64,8%
Elapsed time: 5ms, progress: 74,2%
Elapsed time: 5ms, progress: 83,9%
Elapsed time: 5ms, progress: 92,9%
Elapsed time: 6ms, progress: 100,0%
02:35:18.666 [main] INFO ru.mai.lessons.rpks.impl.LineFinderTest -- Поиск отработал за 8 ms.
]]></system-out>
  </testcase>
  <testcase name="testPositiveFindStartMultipleLines[3, expectedBoastOutputFile3.txt](3)" classname="ru.mai.lessons.rpks.impl.LineFinderTest" time="0.01">
    <system-out><![CDATA[Elapsed time: 1ms, progress: 9,7%
Elapsed time: 6ms, progress: 16,8%
Elapsed time: 9ms, progress: 25,8%
Elapsed time: 9ms, progress: 34,9%
Elapsed time: 11ms, progress: 44,1%
Elapsed time: 11ms, progress: 53,6%
Elapsed time: 12ms, progress: 62,9%
Elapsed time: 12ms, progress: 71,9%
Elapsed time: 12ms, progress: 81,6%
Elapsed time: 12ms, progress: 90,9%
Elapsed time: 14ms, progress: 100,0%
02:35:18.687 [main] INFO ru.mai.lessons.rpks.impl.LineFinderTest -- Поиск отработал за 17 ms.
]]></system-out>
  </testcase>
  <testcase name="testPositiveWordNotFound[кошка](1)" classname="ru.mai.lessons.rpks.impl.LineFinderTest" time="0.011">
    <system-out><![CDATA[Elapsed time: 1ms, progress: 9,7%
Elapsed time: 3ms, progress: 18,7%
Elapsed time: 3ms, progress: 28,3%
Elapsed time: 4ms, progress: 37,6%
Elapsed time: 5ms, progress: 46,6%
Elapsed time: 5ms, progress: 55,8%
Elapsed time: 5ms, progress: 64,8%
Elapsed time: 5ms, progress: 74,5%
Elapsed time: 6ms, progress: 83,5%
Elapsed time: 6ms, progress: 90,7%
Elapsed time: 6ms, progress: 100,0%
02:35:18.704 [main] INFO ru.mai.lessons.rpks.impl.LineFinderTest -- Поиск отработал за 8 ms.
]]></system-out>
  </testcase>
  <testcase name="testPositiveWordNotFound[](2)" classname="ru.mai.lessons.rpks.impl.LineFinderTest" time="0.001">
    <system-out><![CDATA[02:35:18.706 [main] INFO ru.mai.lessons.rpks.impl.LineFinderTest -- Поиск отработал за 0 ms.
]]></system-out>
  </testcase>
</testsuite>