<?xml version="1.0" encoding="UTF-8"?>
<testsuite xmlns:xsi="http://www.w3.org/2001/XMLSchema-instance" xsi:noNamespaceSchemaLocation="https://maven.apache.org/surefire/maven-surefire-plugin/xsd/surefire-test-report-3.0.xsd" version="3.0" name="ru.mai.lessons.rpks.impl.MoneyExchangeTest" time="1.293" tests="13" errors="0" skipped="0" failures="0">
  <properties>
[...]
</properties>
  <testcase name="testNegativeExchange[10, ](1)" classname="ru.mai.lessons.rpks.impl.MoneyExchangeTest" time="0.018"/>
  <testcase name="testNegativeExchange[10, 11](2)" classname="ru.mai.lessons.rpks.impl.MoneyExchangeTest" time="0.021"/>
  <testcase name="testNegativeExchange[10, -1](3)" classname="ru.mai.lessons.rpks.impl.MoneyExchangeTest" time="0.021"/>
  <testcase name="testNegativeExchange[10, 0](4)" classname="ru.mai.lessons.rpks.impl.MoneyExchangeTest" time="0.024"/>
  <testcase name="testPositiveExchange[10, 7, 2, 1, 7[1], 2[1], 1[1]](2)" classname="ru.mai.lessons.rpks.impl.MoneyExchangeTest" time="0.0"/>
  <testcase name="testPositiveExchange[10, 4, 1, 4[2], 1[2]](4)" classname="ru.mai.lessons.rpks.impl.MoneyExchangeTest" time="0.0"/>
  <testcase name="testPositiveExchange[10, 1, 4, 4[2], 1[2]](4)" classname="ru.mai.lessons.rpks.impl.MoneyExchangeTest" time="0.0"/>
  <testcase name="testPositiveExchange[10, -1, 5, 5[2]](5)" classname="ru.mai.lessons.rpks.impl.MoneyExchangeTest" time="0.002"/>
  <testcase name="testPositiveExchange[10, 10, 10[1]](5)" classname="ru.mai.lessons.rpks.impl.MoneyExchangeTest" time="0.003"/>
  <testcase name="testPositiveExchange[10, 0, 1, 5, 5[2]](7)" classname="ru.mai.lessons.rpks.impl.MoneyExchangeTest" time="0.004"/>
  <testcase name="testPositiveExchange[10, 5, 1, 5[2]](7)" classname="ru.mai.lessons.rpks.impl.MoneyExchangeTest" time="0.005"/>
  <testcase name="testPositiveExchange[24, 5, 3, 1, 5[4], 3[1], 1[1]](8)" classname="ru.mai.lessons.rpks.impl.MoneyExchangeTest" time="0.0"/>
  <testcase name="testPositiveExchange[10, 3, 2, 3[2], 2[2]](9)" classname="ru.mai.lessons.rpks.impl.MoneyExchangeTest" time="0.001"/>
</testsuite>