<?xml version="1.0" encoding="UTF-8"?>
<testng-results ignored="0" total="13" passed="13" failed="0" skipped="0">
  <reporter-output>
  </reporter-output>
  <suite started-at="2024-11-24T17:17:45 MSK" name="Surefire suite" finished-at="2024-11-24T17:17:45 MSK" duration-ms="185">
    <groups>
    </groups>
    <test started-at="2024-11-24T17:17:45 MSK" name="Surefire test" finished-at="2024-11-24T17:17:45 MSK" duration-ms="185">
      <class name="ru.mai.lessons.rpks.impl.MoneyExchangeTest">
        <test-method is-config="true" signature="setUp()[pri:0, instance:ru.mai.lessons.rpks.impl.MoneyExchangeTest@2e005c4b]" started-at="2024-11-24T17:17:45 MSK" name="setUp" finished-at="2024-11-24T17:17:45 MSK" duration-ms="35" status="PASS">
          <reporter-output>
          </reporter-output>
        </test-method> <!-- setUp -->
        <test-method signature="testNegativeExchange(java.lang.Integer,java.lang.String)[pri:0, instance:ru.mai.lessons.rpks.impl.MoneyExchangeTest@2e005c4b]" started-at="2024-11-24T17:17:45 MSK" name="testNegativeExchange" description="Размен монет невозможен" data-provider="invalidCases" finished-at="2024-11-24T17:17:45 MSK" duration-ms="12" status="PASS">
          <params>
            <param index="0">
              <value>
                <![CDATA[10]]>
              </value>
            </param>
            <param index="1">
              <value>
                <![CDATA[-1]]>
              </value>
            </param>
          </params>
          <exception class="ru.mai.lessons.rpks.exception.ExchangeIsImpossibleException">
            <message>
              <![CDATA[fail combination!]]>
            </message>
            <full-stacktrace>
              <![CDATA[ru.mai.lessons.rpks.exception.ExchangeIsImpossibleException: fail combination!
at ru.mai.lessons.rpks.impl.MoneyExchange.exchange(MoneyExchange.java:23)
at ru.mai.lessons.rpks.impl.MoneyExchangeTest.testNegativeExchange(MoneyExchangeTest.java:64)
at java.base/jdk.internal.reflect.DirectMethodHandleAccessor.invoke(DirectMethodHandleAccessor.java:103)
at java.base/java.lang.reflect.Method.invoke(Method.java:580)
at org.testng.internal.invokers.MethodInvocationHelper.invokeMethod(MethodInvocationHelper.java:139)
at org.testng.internal.invokers.TestInvoker.invokeMethod(TestInvoker.java:664)
at org.testng.internal.invokers.TestInvoker.invokeTestMethod(TestInvoker.java:227)
at org.testng.internal.invokers.TestMethodWithDataProviderMethodWorker.call(TestMethodWithDataProviderMethodWorker.java:80)
at org.testng.internal.invokers.TestMethodWithDataProviderMethodWorker.call(TestMethodWithDataProviderMethodWorker.java:17)
at java.base/java.util.concurrent.FutureTask.run(FutureTask.java:317)
at java.base/java.util.concurrent.Executors$RunnableAdapter.call(Executors.java:572)
at java.base/java.util.concurrent.FutureTask.run(FutureTask.java:317)
at java.base/java.util.concurrent.ThreadPoolExecutor.runWorker(ThreadPoolExecutor.java:1144)
at java.base/java.util.concurrent.ThreadPoolExecutor$Worker.run(ThreadPoolExecutor.java:642)
at java.base/java.lang.Thread.run(Thread.java:1583)
]]>
            </full-stacktrace>
          </exception> <!-- ru.mai.lessons.rpks.exception.ExchangeIsImpossibleException -->
          <reporter-output>
          </reporter-output>
        </test-method> <!-- testNegativeExchange -->
        <test-method signature="testNegativeExchange(java.lang.Integer,java.lang.String)[pri:0, instance:ru.mai.lessons.rpks.impl.MoneyExchangeTest@2e005c4b]" started-at="2024-11-24T17:17:45 MSK" name="testNegativeExchange" description="Размен монет невозможен" data-provider="invalidCases" finished-at="2024-11-24T17:17:45 MSK" duration-ms="12" status="PASS">
          <params>
            <param index="0">
              <value>
                <![CDATA[10]]>
              </value>
            </param>
            <param index="1">
              <value>
                <![CDATA[]]>
              </value>
            </param>
          </params>
          <exception class="ru.mai.lessons.rpks.exception.ExchangeIsImpossibleException">
            <message>
              <![CDATA[error from coins_cast_to_array_int, can't cast    For input string: ""]]>
            </message>
            <full-stacktrace>
              <![CDATA[ru.mai.lessons.rpks.exception.ExchangeIsImpossibleException: error from coins_cast_to_array_int, can't cast    For input string: ""
at ru.mai.lessons.rpks.impl.MoneyExchange.coinsCastToArrayInt(MoneyExchange.java:49)
at ru.mai.lessons.rpks.impl.MoneyExchange.exchange(MoneyExchange.java:16)
at ru.mai.lessons.rpks.impl.MoneyExchangeTest.testNegativeExchange(MoneyExchangeTest.java:64)
at java.base/jdk.internal.reflect.DirectMethodHandleAccessor.invoke(DirectMethodHandleAccessor.java:103)
at java.base/java.lang.reflect.Method.invoke(Method.java:580)
at org.testng.internal.invokers.MethodInvocationHelper.invokeMethod(MethodInvocationHelper.java:139)
at org.testng.internal.invokers.TestInvoker.invokeMethod(TestInvoker.java:664)
at org.testng.internal.invokers.TestInvoker.invokeTestMethod(TestInvoker.java:227)
at org.testng.internal.invokers.TestMethodWithDataProviderMethodWorker.call(TestMethodWithDataProviderMethodWorker.java:80)
at org.testng.internal.invokers.TestMethodWithDataProviderMethodWorker.call(TestMethodWithDataProviderMethodWorker.java:17)
at java.base/java.util.concurrent.FutureTask.run(FutureTask.java:317)
at java.base/java.util.concurrent.Executors$RunnableAdapter.call(Executors.java:572)
at java.base/java.util.concurrent.FutureTask.run(FutureTask.java:317)
at java.base/java.util.concurrent.ThreadPoolExecutor.runWorker(ThreadPoolExecutor.java:1144)
at java.base/java.util.concurrent.ThreadPoolExecutor$Worker.run(ThreadPoolExecutor.java:642)
at java.base/java.lang.Thread.run(Thread.java:1583)
]]>
            </full-stacktrace>
          </exception> <!-- ru.mai.lessons.rpks.exception.ExchangeIsImpossibleException -->
          <reporter-output>
          </reporter-output>
        </test-method> <!-- testNegativeExchange -->
        <test-method signature="testNegativeExchange(java.lang.Integer,java.lang.String)[pri:0, instance:ru.mai.lessons.rpks.impl.MoneyExchangeTest@2e005c4b]" started-at="2024-11-24T17:17:45 MSK" name="testNegativeExchange" description="Размен монет невозможен" data-provider="invalidCases" finished-at="2024-11-24T17:17:45 MSK" duration-ms="12" status="PASS">
          <params>
            <param index="0">
              <value>
                <![CDATA[10]]>
              </value>
            </param>
            <param index="1">
              <value>
                <![CDATA[11]]>
              </value>
            </param>
          </params>
          <exception class="ru.mai.lessons.rpks.exception.ExchangeIsImpossibleException">
            <message>
              <![CDATA[fail combination!]]>
            </message>
            <full-stacktrace>
              <![CDATA[ru.mai.lessons.rpks.exception.ExchangeIsImpossibleException: fail combination!
at ru.mai.lessons.rpks.impl.MoneyExchange.exchange(MoneyExchange.java:23)
at ru.mai.lessons.rpks.impl.MoneyExchangeTest.testNegativeExchange(MoneyExchangeTest.java:64)
at java.base/jdk.internal.reflect.DirectMethodHandleAccessor.invoke(DirectMethodHandleAccessor.java:103)
at java.base/java.lang.reflect.Method.invoke(Method.java:580)
at org.testng.internal.invokers.MethodInvocationHelper.invokeMethod(MethodInvocationHelper.java:139)
at org.testng.internal.invokers.TestInvoker.invokeMethod(TestInvoker.java:664)
at org.testng.internal.invokers.TestInvoker.invokeTestMethod(TestInvoker.java:227)
at org.testng.internal.invokers.TestMethodWithDataProviderMethodWorker.call(TestMethodWithDataProviderMethodWorker.java:80)
at org.testng.internal.invokers.TestMethodWithDataProviderMethodWorker.call(TestMethodWithDataProviderMethodWorker.java:17)
at java.base/java.util.concurrent.FutureTask.run(FutureTask.java:317)
at java.base/java.util.concurrent.Executors$RunnableAdapter.call(Executors.java:572)
at java.base/java.util.concurrent.FutureTask.run(FutureTask.java:317)
at java.base/java.util.concurrent.ThreadPoolExecutor.runWorker(ThreadPoolExecutor.java:1144)
at java.base/java.util.concurrent.ThreadPoolExecutor$Worker.run(ThreadPoolExecutor.java:642)
at java.base/java.lang.Thread.run(Thread.java:1583)
]]>
            </full-stacktrace>
          </exception> <!-- ru.mai.lessons.rpks.exception.ExchangeIsImpossibleException -->
          <reporter-output>
          </reporter-output>
        </test-method> <!-- testNegativeExchange -->
        <test-method signature="testNegativeExchange(java.lang.Integer,java.lang.String)[pri:0, instance:ru.mai.lessons.rpks.impl.MoneyExchangeTest@2e005c4b]" started-at="2024-11-24T17:17:45 MSK" name="testNegativeExchange" description="Размен монет невозможен" data-provider="invalidCases" finished-at="2024-11-24T17:17:45 MSK" duration-ms="12" status="PASS">
          <params>
            <param index="0">
              <value>
                <![CDATA[10]]>
              </value>
            </param>
            <param index="1">
              <value>
                <![CDATA[0]]>
              </value>
            </param>
          </params>
          <exception class="ru.mai.lessons.rpks.exception.ExchangeIsImpossibleException">
            <message>
              <![CDATA[fail combination!]]>
            </message>
            <full-stacktrace>
              <![CDATA[ru.mai.lessons.rpks.exception.ExchangeIsImpossibleException: fail combination!
at ru.mai.lessons.rpks.impl.MoneyExchange.exchange(MoneyExchange.java:23)
at ru.mai.lessons.rpks.impl.MoneyExchangeTest.testNegativeExchange(MoneyExchangeTest.java:64)
at java.base/jdk.internal.reflect.DirectMethodHandleAccessor.invoke(DirectMethodHandleAccessor.java:103)
at java.base/java.lang.reflect.Method.invoke(Method.java:580)
at org.testng.internal.invokers.MethodInvocationHelper.invokeMethod(MethodInvocationHelper.java:139)
at org.testng.internal.invokers.TestInvoker.invokeMethod(TestInvoker.java:664)
at org.testng.internal.invokers.TestInvoker.invokeTestMethod(TestInvoker.java:227)
at org.testng.internal.invokers.TestMethodWithDataProviderMethodWorker.call(TestMethodWithDataProviderMethodWorker.java:80)
at org.testng.internal.invokers.TestMethodWithDataProviderMethodWorker.call(TestMethodWithDataProviderMethodWorker.java:17)
at java.base/java.util.concurrent.FutureTask.run(FutureTask.java:317)
at java.base/java.util.concurrent.Executors$RunnableAdapter.call(Executors.java:572)
at java.base/java.util.concurrent.FutureTask.run(FutureTask.java:317)
at java.base/java.util.concurrent.ThreadPoolExecutor.runWorker(ThreadPoolExecutor.java:1144)
at java.base/java.util.concurrent.ThreadPoolExecutor$Worker.run(ThreadPoolExecutor.java:642)
at java.base/java.lang.Thread.run(Thread.java:1583)
]]>
            </full-stacktrace>
          </exception> <!-- ru.mai.lessons.rpks.exception.ExchangeIsImpossibleException -->
          <reporter-output>
          </reporter-output>
        </test-method> <!-- testNegativeExchange -->
        <test-method signature="testPositiveExchange(java.lang.Integer,java.lang.String,java.lang.String)[pri:0, instance:ru.mai.lessons.rpks.impl.MoneyExchangeTest@2e005c4b]" started-at="2024-11-24T17:17:45 MSK" name="testPositiveExchange" description="Успешный размен монет" data-provider="validCases" finished-at="2024-11-24T17:17:45 MSK" duration-ms="18" status="PASS">
          <params>
            <param index="0">
              <value>
                <![CDATA[10]]>
              </value>
            </param>
            <param index="1">
              <value>
                <![CDATA[10]]>
              </value>
            </param>
            <param index="2">
              <value>
                <![CDATA[10[1]]]>
              </value>
            </param>
          </params>
          <reporter-output>
          </reporter-output>
        </test-method> <!-- testPositiveExchange -->
        <test-method signature="testPositiveExchange(java.lang.Integer,java.lang.String,java.lang.String)[pri:0, instance:ru.mai.lessons.rpks.impl.MoneyExchangeTest@2e005c4b]" started-at="2024-11-24T17:17:45 MSK" name="testPositiveExchange" description="Успешный размен монет" data-provider="validCases" finished-at="2024-11-24T17:17:45 MSK" duration-ms="23" status="PASS">
          <params>
            <param index="0">
              <value>
                <![CDATA[10]]>
              </value>
            </param>
            <param index="1">
              <value>
                <![CDATA[4, 1]]>
              </value>
            </param>
            <param index="2">
              <value>
                <![CDATA[4[2], 1[2]]]>
              </value>
            </param>
          </params>
          <reporter-output>
          </reporter-output>
        </test-method> <!-- testPositiveExchange -->
        <test-method signature="testPositiveExchange(java.lang.Integer,java.lang.String,java.lang.String)[pri:0, instance:ru.mai.lessons.rpks.impl.MoneyExchangeTest@2e005c4b]" started-at="2024-11-24T17:17:45 MSK" name="testPositiveExchange" description="Успешный размен монет" data-provider="validCases" finished-at="2024-11-24T17:17:45 MSK" duration-ms="20" status="PASS">
          <params>
            <param index="0">
              <value>
                <![CDATA[10]]>
              </value>
            </param>
            <param index="1">
              <value>
                <![CDATA[5, 1]]>
              </value>
            </param>
            <param index="2">
              <value>
                <![CDATA[5[2]]]>
              </value>
            </param>
          </params>
          <reporter-output>
          </reporter-output>
        </test-method> <!-- testPositiveExchange -->
        <test-method signature="testPositiveExchange(java.lang.Integer,java.lang.String,java.lang.String)[pri:0, instance:ru.mai.lessons.rpks.impl.MoneyExchangeTest@2e005c4b]" started-at="2024-11-24T17:17:45 MSK" name="testPositiveExchange" description="Успешный размен монет" data-provider="validCases" finished-at="2024-11-24T17:17:45 MSK" duration-ms="18" status="PASS">
          <params>
            <param index="0">
              <value>
                <![CDATA[10]]>
              </value>
            </param>
            <param index="1">
              <value>
                <![CDATA[0, 1, 5]]>
              </value>
            </param>
            <param index="2">
              <value>
                <![CDATA[5[2]]]>
              </value>
            </param>
          </params>
          <reporter-output>
          </reporter-output>
        </test-method> <!-- testPositiveExchange -->
        <test-method signature="testPositiveExchange(java.lang.Integer,java.lang.String,java.lang.String)[pri:0, instance:ru.mai.lessons.rpks.impl.MoneyExchangeTest@2e005c4b]" started-at="2024-11-24T17:17:45 MSK" name="testPositiveExchange" description="Успешный размен монет" data-provider="validCases" finished-at="2024-11-24T17:17:45 MSK" duration-ms="10" status="PASS">
          <params>
            <param index="0">
              <value>
                <![CDATA[10]]>
              </value>
            </param>
            <param index="1">
              <value>
                <![CDATA[1, 4]]>
              </value>
            </param>
            <param index="2">
              <value>
                <![CDATA[4[2], 1[2]]]>
              </value>
            </param>
          </params>
          <reporter-output>
          </reporter-output>
        </test-method> <!-- testPositiveExchange -->
        <test-method signature="testPositiveExchange(java.lang.Integer,java.lang.String,java.lang.String)[pri:0, instance:ru.mai.lessons.rpks.impl.MoneyExchangeTest@2e005c4b]" started-at="2024-11-24T17:17:45 MSK" name="testPositiveExchange" description="Успешный размен монет" data-provider="validCases" finished-at="2024-11-24T17:17:45 MSK" duration-ms="8" status="PASS">
          <params>
            <param index="0">
              <value>
                <![CDATA[10]]>
              </value>
            </param>
            <param index="1">
              <value>
                <![CDATA[-1, 5]]>
              </value>
            </param>
            <param index="2">
              <value>
                <![CDATA[5[2]]]>
              </value>
            </param>
          </params>
          <reporter-output>
          </reporter-output>
        </test-method> <!-- testPositiveExchange -->
        <test-method signature="testPositiveExchange(java.lang.Integer,java.lang.String,java.lang.String)[pri:0, instance:ru.mai.lessons.rpks.impl.MoneyExchangeTest@2e005c4b]" started-at="2024-11-24T17:17:45 MSK" name="testPositiveExchange" description="Успешный размен монет" data-provider="validCases" finished-at="2024-11-24T17:17:45 MSK" duration-ms="1" status="PASS">
          <params>
            <param index="0">
              <value>
                <![CDATA[10]]>
              </value>
            </param>
            <param index="1">
              <value>
                <![CDATA[7, 2, 1]]>
              </value>
            </param>
            <param index="2">
              <value>
                <![CDATA[7[1], 2[1], 1[1]]]>
              </value>
            </param>
          </params>
          <reporter-output>
          </reporter-output>
        </test-method> <!-- testPositiveExchange -->
        <test-method signature="testPositiveExchange(java.lang.Integer,java.lang.String,java.lang.String)[pri:0, instance:ru.mai.lessons.rpks.impl.MoneyExchangeTest@2e005c4b]" started-at="2024-11-24T17:17:45 MSK" name="testPositiveExchange" description="Успешный размен монет" data-provider="validCases" finished-at="2024-11-24T17:17:45 MSK" duration-ms="2" status="PASS">
          <params>
            <param index="0">
              <value>
                <![CDATA[24]]>
              </value>
            </param>
            <param index="1">
              <value>
                <![CDATA[5, 3, 1]]>
              </value>
            </param>
            <param index="2">
              <value>
                <![CDATA[5[4], 3[1], 1[1]]]>
              </value>
            </param>
          </params>
          <reporter-output>
          </reporter-output>
        </test-method> <!-- testPositiveExchange -->
        <test-method signature="testPositiveExchange(java.lang.Integer,java.lang.String,java.lang.String)[pri:0, instance:ru.mai.lessons.rpks.impl.MoneyExchangeTest@2e005c4b]" started-at="2024-11-24T17:17:45 MSK" name="testPositiveExchange" description="Успешный размен монет" data-provider="validCases" finished-at="2024-11-24T17:17:45 MSK" duration-ms="3" status="PASS">
          <params>
            <param index="0">
              <value>
                <![CDATA[10]]>
              </value>
            </param>
            <param index="1">
              <value>
                <![CDATA[3, 2]]>
              </value>
            </param>
            <param index="2">
              <value>
                <![CDATA[3[2], 2[2]]]>
              </value>
            </param>
          </params>
          <reporter-output>
          </reporter-output>
        </test-method> <!-- testPositiveExchange -->
      </class> <!-- ru.mai.lessons.rpks.impl.MoneyExchangeTest -->
    </test> <!-- Surefire test -->
  </suite> <!-- Surefire suite -->
</testng-results>
