<?xml version="1.0" encoding="UTF-8"?>
<testsuite xmlns:xsi="http://www.w3.org/2001/XMLSchema-instance" xsi:noNamespaceSchemaLocation="https://maven.apache.org/surefire/maven-surefire-plugin/xsd/surefire-test-report-3.0.xsd" version="3.0" name="ru.mai.lessons.rpks.impl.DatabaseDriverTest" time="0.761" tests="25" errors="0" skipped="0" failures="0">
  <properties>
[...]
</properties>
  <testcase name="testNegativeTryFindUnknownFieldInTable" classname="ru.mai.lessons.rpks.impl.DatabaseDriverTest" time="0.011"/>
  <testcase name="testNegativeTryFindUnknownFieldInTable[SELECT group_name FROM=students.csv](1)" classname="ru.mai.lessons.rpks.impl.DatabaseDriverTest" time="0.003"/>
  <testcase name="testNegativeTryFindUnknownFieldInTable[SELECT=group_name FROM students.csv](2)" classname="ru.mai.lessons.rpks.impl.DatabaseDriverTest" time="0.001"/>
  <testcase name="testNegativeTryFindUnknownFieldInTable[SELECT=group_name](3)" classname="ru.mai.lessons.rpks.impl.DatabaseDriverTest" time="0.003"/>
  <testcase name="testNegativeTryFindUnknownFieldInTable[FROM=students.csv](4)" classname="ru.mai.lessons.rpks.impl.DatabaseDriverTest" time="0.002"/>
  <testcase name="testNegativeTryFindUnknownFieldInTable[SELECT= FROM=groups.csv GROUPBY=group_name](5)" classname="ru.mai.lessons.rpks.impl.DatabaseDriverTest" time="0.001"/>
  <testcase name="testNegativeTryFindUnknownFieldInTable[SELECT=group_name FROM= GROUPBY=group_name](6)" classname="ru.mai.lessons.rpks.impl.DatabaseDriverTest" time="0.001"/>
  <testcase name="testNegativeTryFindUnknownFieldInTable[SELECT=group_name FROM=groups.csv GROUPBY=](7)" classname="ru.mai.lessons.rpks.impl.DatabaseDriverTest" time="0.001"/>
  <testcase name="testNegativeTryFindUnknownFieldInTable[SELECT=group_name FROM=groups.csv GROUPBY group_name](8)" classname="ru.mai.lessons.rpks.impl.DatabaseDriverTest" time="0.001"/>
  <testcase name="testNegativeTryFindUnknownFieldInTable[SELECT=full_name,subject_name FROM=students.csv,subjects.csv grade.csv WHERE=(grade=&apos;5&apos;)](9)" classname="ru.mai.lessons.rpks.impl.DatabaseDriverTest" time="0.004"/>
  <testcase name="testNegativeTryFindUnknownFieldInTable[SELECT=full_name,subject_name FROM=students.csv,subjects.csv,grade.csv WHERE (grade=&apos;5&apos;)](10)" classname="ru.mai.lessons.rpks.impl.DatabaseDriverTest" time="0.003"/>
  <testcase name="testNegativeTryFindUnknownFieldInTable[SELECT=full_name,subject_name FROM=students.csv,subjects.csv,grade.csv WHERE=grade=&apos;5&apos;](11)" classname="ru.mai.lessons.rpks.impl.DatabaseDriverTest" time="0.002"/>
  <testcase name="testNegativeTryFindUnknownFieldInTable[SELECT=full_name,subject_name FROM=students.csv,subjects.csv,grade.csv WHERE=(grade==&apos;5&apos;)](12)" classname="ru.mai.lessons.rpks.impl.DatabaseDriverTest" time="0.001"/>
  <testcase name="testPositiveFindDataBySelectFromWhere[SELECT=group_name,grade,date FROM=students.csv,groups.csv,subjects.csv,grade.csv WHERE=(full_name=&apos;Иванов Иван&apos; AND subject_name=&apos;Английский&apos;), [5ИНТ-001;5;17.01.2023]](1)" classname="ru.mai.lessons.rpks.impl.DatabaseDriverTest" time="0.014"/>
  <testcase name="testPositiveFindDataBySelectFromWhere[SELECT=full_name,group_name,grade,date FROM=students.csv,groups.csv,subjects.csv,grade.csv WHERE=(subject_name=&apos;РПКС&apos;), [Иванов Иван;5ИНТ-001;5;05.01.2023, Петров Олег;5ИНТ-001;4;05.01.2023, Игнатова Ольга;5ИНТ-002;4;06.01.2023, Сидоров Николай;5ПМИ-001;5;07.01.2023, Калинина Дарья;5ПМИ-001;3;07.01.2023, Кузнецов Михаил;5ИНТ-001;5;05.01.2023, Орлов Виктор;5ПМИ-001;4;07.01.2023, Никитина Ирина;5ИНТ-002;3;06.01.2023]](2)" classname="ru.mai.lessons.rpks.impl.DatabaseDriverTest" time="0.006"/>
  <testcase name="testPositiveFindDataBySelectFromWhere[SELECT=full_name,subject_name FROM=students.csv,subjects.csv,grade.csv WHERE=(grade=&apos;3&apos; OR grade=&apos;4&apos; OR grade=&apos;2&apos;), [Иванов Иван;Матан, Петров Олег;РПКС, Петров Олег;Матан, Петров Олег;История, Игнатова Ольга;РПКС, Калинина Дарья;РПКС, Калинина Дарья;Матан, Калинина Дарья;История, Калинина Дарья;Английский, Кузнецов Михаил;Матан, Кузнецов Михаил;История, Кузнецов Михаил;Английский, Орлов Виктор;РПКС, Орлов Виктор;Матан, Орлов Виктор;История, Орлов Виктор;Английский, Никитина Ирина;РПКС, Никитина Ирина;Матан, Никитина Ирина;Английский]](3)" classname="ru.mai.lessons.rpks.impl.DatabaseDriverTest" time="0.005"/>
  <testcase name="testPositiveFindDataBySelectFromWhere[SELECT=group_name,full_name,subject_name FROM=students.csv,groups.csv,subjects.csv,grade.csv WHERE=(grade=&apos;2&apos;), [5ИНТ-002;Никитина Ирина;Английский]](4)" classname="ru.mai.lessons.rpks.impl.DatabaseDriverTest" time="0.003"/>
  <testcase name="testPositiveFindDataBySelectFromWhere[SELECT=full_name,subject_name FROM=students.csv,subjects.csv,grade.csv WHERE=(grade=&apos;1&apos;), []](5)" classname="ru.mai.lessons.rpks.impl.DatabaseDriverTest" time="0.006"/>
  <testcase name="testPositiveFindDataBySelectFromWhereGroupBy[SELECT=group_name FROM=groups.csv GROUPBY=group_name, [5ИНТ-001, 5ИНТ-002, 5ПМИ-001]](1)" classname="ru.mai.lessons.rpks.impl.DatabaseDriverTest" time="0.003"/>
  <testcase name="testPositiveFindDataBySelectFromWhereGroupBy[SELECT=subject_name FROM=subjects.csv,grade.csv WHERE=(grade=&apos;5&apos;) GROUPBY=subject_name, [РПКС, История, Английский, Матан]](2)" classname="ru.mai.lessons.rpks.impl.DatabaseDriverTest" time="0.003"/>
  <testcase name="testPositiveFindDataBySimpleSelectFrom[SELECT=full_name FROM=students.csv, [Иванов Иван, Петров Олег, Игнатова Ольга, Сидоров Николай, Калинина Дарья, Кузнецов Михаил, Орлов Виктор, Никитина Ирина]](1)" classname="ru.mai.lessons.rpks.impl.DatabaseDriverTest" time="0.003"/>
  <testcase name="testPositiveFindDataBySimpleSelectFrom[SELECT=id,full_name FROM=students.csv, [0;Иванов Иван, 1;Петров Олег, 2;Игнатова Ольга, 3;Сидоров Николай, 4;Калинина Дарья, 5;Кузнецов Михаил, 6;Орлов Виктор, 7;Никитина Ирина]](2)" classname="ru.mai.lessons.rpks.impl.DatabaseDriverTest" time="0.003"/>
  <testcase name="testPositiveFindDataBySimpleSelectFrom[SELECT=full_name,id FROM=students.csv, [Иванов Иван;0, Петров Олег;1, Игнатова Ольга;2, Сидоров Николай;3, Калинина Дарья;4, Кузнецов Михаил;5, Орлов Виктор;6, Никитина Ирина;7]](3)" classname="ru.mai.lessons.rpks.impl.DatabaseDriverTest" time="0.002"/>
  <testcase name="testPositiveFindDataBySimpleSelectFrom[SELECT=subject_name FROM=subjects.csv, [РПКС, Матан, История, Английский]](4)" classname="ru.mai.lessons.rpks.impl.DatabaseDriverTest" time="0.002"/>
  <testcase name="testPositiveFindDataBySimpleSelectFrom[SELECT=group_name,student_id FROM=groups.csv, [5ИНТ-001;5, 5ИНТ-002;2, 5ПМИ-001;4, 5ИНТ-001;0, 5ИНТ-001;1, 5ИНТ-002;7, 5ПМИ-001;3, 5ПМИ-001;6]](5)" classname="ru.mai.lessons.rpks.impl.DatabaseDriverTest" time="0.002"/>
</testsuite>